<?xml version="1.0" encoding="UTF-8"?>
<!-- Generated by org.testng.reporters.JUnitReportReporter -->
<testsuite name="Tests.ResetPINPageTests" tests="2" time="54.561" ignored="2" failures="0" timestamp="29 Jul 2017 14:33:15 GMT" skipped="0" hostname="QMs-MacBook-Pro" errors="2">
  <testcase name="tearDownAppium" time="0.000" classname="Tests.ResetPINPageTests">
    <error type="org.openqa.selenium.NoSuchSessionException" message="A session is either terminated or not started (WARNING: The server did not provide any stacktrace information)
Command duration or timeout: 34 milliseconds
Build info: version: &#039;3.2.0&#039;, revision: &#039;8c03df6b79&#039;, time: &#039;2017-02-23 10:51:31 +0000&#039;
System info: host: &#039;QMs-MacBook-Pro&#039;, ip: &#039;fe80:0:0:0:aebc:32ff:fe92:c889%en0&#039;, os.name: &#039;Mac OS X&#039;, os.arch: &#039;x86_64&#039;, os.version: &#039;10.10.5&#039;, java.version: &#039;1.8.0_131&#039;
Driver info: io.appium.java_client.AppiumDriver
Capabilities [{app=/Users/yuliyajus/Downloads/ParkRight-staging.apk, appPackage=com.parkopedia.parkright, networkConnectionEnabled=true, warnings={}, appWaitPackage=com.parkopedia.parkright, appWaitActivity=com.parkopedia.parkright.ParkRightApp, databaseEnabled=false, deviceName=4d00fca34a18416f, platform=LINUX, deviceUDID=4d00fca34a18416f, appActivity=com.parkopedia.parkright.ParkRightApp, desired={app=/Users/yuliyajus/Downloads/ParkRight-staging.apk, appPackage=com.parkopedia.parkright, appActivity=com.parkopedia.parkright.ParkRightApp, platformVersion=6.0.1, automationName=Appium, appWaitPackage=com.parkopedia.parkright, appWaitActivity=com.parkopedia.parkright.ParkRightApp, platformName=Android, deviceName=Yuliya}, platformVersion=6.0.1, webStorageEnabled=false, locationContextEnabled=false, automationName=Appium, takesScreenshot=true, javascriptEnabled=true, platformName=Android}]
Session ID: 2dac5595-b488-4cf0-8807-e24f0cd8a096">
      <![CDATA[org.openqa.selenium.NoSuchSessionException: A session is either terminated or not started (WARNING: The server did not provide any stacktrace information)
Command duration or timeout: 34 milliseconds
Build info: version: '3.2.0', revision: '8c03df6b79', time: '2017-02-23 10:51:31 +0000'
System info: host: 'QMs-MacBook-Pro', ip: 'fe80:0:0:0:aebc:32ff:fe92:c889%en0', os.name: 'Mac OS X', os.arch: 'x86_64', os.version: '10.10.5', java.version: '1.8.0_131'
Driver info: io.appium.java_client.AppiumDriver
Capabilities [{app=/Users/yuliyajus/Downloads/ParkRight-staging.apk, appPackage=com.parkopedia.parkright, networkConnectionEnabled=true, warnings={}, appWaitPackage=com.parkopedia.parkright, appWaitActivity=com.parkopedia.parkright.ParkRightApp, databaseEnabled=false, deviceName=4d00fca34a18416f, platform=LINUX, deviceUDID=4d00fca34a18416f, appActivity=com.parkopedia.parkright.ParkRightApp, desired={app=/Users/yuliyajus/Downloads/ParkRight-staging.apk, appPackage=com.parkopedia.parkright, appActivity=com.parkopedia.parkright.ParkRightApp, platformVersion=6.0.1, automationName=Appium, appWaitPackage=com.parkopedia.parkright, appWaitActivity=com.parkopedia.parkright.ParkRightApp, platformName=Android, deviceName=Yuliya}, platformVersion=6.0.1, webStorageEnabled=false, locationContextEnabled=false, automationName=Appium, takesScreenshot=true, javascriptEnabled=true, platformName=Android}]
Session ID: 2dac5595-b488-4cf0-8807-e24f0cd8a096
	at sun.reflect.NativeConstructorAccessorImpl.newInstance0(Native Method)
	at sun.reflect.NativeConstructorAccessorImpl.newInstance(NativeConstructorAccessorImpl.java:62)
	at sun.reflect.DelegatingConstructorAccessorImpl.newInstance(DelegatingConstructorAccessorImpl.java:45)
	at java.lang.reflect.Constructor.newInstance(Constructor.java:423)
	at org.openqa.selenium.remote.ErrorHandler.createThrowable(ErrorHandler.java:216)
	at org.openqa.selenium.remote.ErrorHandler.throwIfResponseFailed(ErrorHandler.java:168)
	at org.openqa.selenium.remote.RemoteWebDriver.execute(RemoteWebDriver.java:638)
	at io.appium.java_client.DefaultGenericMobileDriver.execute(DefaultGenericMobileDriver.java:46)
	at io.appium.java_client.AppiumDriver.execute(AppiumDriver.java:1)
	at org.openqa.selenium.remote.RemoteWebDriver.quit(RemoteWebDriver.java:500)
	at Tests.AbstractBaseTests.TestBase.tearDownAppium(TestBase.java:120)
	at sun.reflect.NativeMethodAccessorImpl.invoke0(Native Method)
	at sun.reflect.NativeMethodAccessorImpl.invoke(NativeMethodAccessorImpl.java:62)
	at sun.reflect.DelegatingMethodAccessorImpl.invoke(DelegatingMethodAccessorImpl.java:43)
	at java.lang.reflect.Method.invoke(Method.java:498)
	at org.testng.internal.MethodInvocationHelper.invokeMethod(MethodInvocationHelper.java:104)
	at org.testng.internal.Invoker.invokeConfigurationMethod(Invoker.java:515)
	at org.testng.internal.Invoker.invokeConfigurations(Invoker.java:217)
	at org.testng.internal.Invoker.invokeConfigurations(Invoker.java:144)
	at org.testng.SuiteRunner.privateRun(SuiteRunner.java:357)
	at org.testng.SuiteRunner.run(SuiteRunner.java:289)
	at org.testng.SuiteRunnerWorker.runSuite(SuiteRunnerWorker.java:52)
	at org.testng.SuiteRunnerWorker.run(SuiteRunnerWorker.java:86)
	at org.testng.TestNG.runSuitesSequentially(TestNG.java:1293)
	at org.testng.TestNG.runSuitesLocally(TestNG.java:1218)
	at org.testng.TestNG.runSuites(TestNG.java:1133)
	at org.testng.TestNG.run(TestNG.java:1104)
	at org.testng.remote.AbstractRemoteTestNG.run(AbstractRemoteTestNG.java:132)
	at org.testng.remote.RemoteTestNG.initAndRun(RemoteTestNG.java:230)
	at org.testng.remote.RemoteTestNG.main(RemoteTestNG.java:76)
]]>
    </error>
  </testcase> <!-- tearDownAppium -->
  <testcase name="ResetPINPageTest" time="54.561" classname="Tests.ResetPINPageTests">
    <error type="java.lang.IndexOutOfBoundsException" message="Index: 11, Size: 9">
      <![CDATA[java.lang.IndexOutOfBoundsException: Index: 11, Size: 9
	at java.util.ArrayList.rangeCheck(ArrayList.java:653)
	at java.util.ArrayList.get(ArrayList.java:429)
	at Pages.PayDetailsPage.PayDetailsPageAndroid.FillOutForm(PayDetailsPageAndroid.java:40)
	at Tests.ResetPINPageTests.ResetPINPageTest(ResetPINPageTests.java:68)
	at sun.reflect.NativeMethodAccessorImpl.invoke0(Native Method)
	at sun.reflect.NativeMethodAccessorImpl.invoke(NativeMethodAccessorImpl.java:62)
	at sun.reflect.DelegatingMethodAccessorImpl.invoke(DelegatingMethodAccessorImpl.java:43)
	at java.lang.reflect.Method.invoke(Method.java:498)
	at org.testng.internal.MethodInvocationHelper.invokeMethod(MethodInvocationHelper.java:104)
	at org.testng.internal.Invoker.invokeMethod(Invoker.java:645)
	at org.testng.internal.Invoker.invokeTestMethod(Invoker.java:851)
	at org.testng.internal.Invoker.invokeTestMethods(Invoker.java:1177)
	at org.testng.internal.TestMethodWorker.invokeTestMethods(TestMethodWorker.java:129)
	at org.testng.internal.TestMethodWorker.run(TestMethodWorker.java:112)
	at java.util.concurrent.ThreadPoolExecutor.runWorker(ThreadPoolExecutor.java:1142)
	at java.util.concurrent.ThreadPoolExecutor$Worker.run(ThreadPoolExecutor.java:617)
	at java.lang.Thread.run(Thread.java:748)
]]>
    </error>
  </testcase> <!-- ResetPINPageTest -->
  <testcase name="tearDownAppium" classname="Tests.AbstractBaseTests.TestBase">
    <skipped/>
  </testcase> <!-- tearDownAppium -->
  <testcase name="initAppium" classname="Tests.AbstractBaseTests.TestBase">
    <skipped/>
  </testcase> <!-- initAppium -->
</testsuite> <!-- Tests.ResetPINPageTests -->
