<?xml version="1.0" encoding="UTF-8"?>
<!-- Generated by org.testng.reporters.JUnitXMLReporter -->
<testsuite hostname="Jamess-MacBook-Pro-2.local" ignored="36" name="ParkRight Test Automation" tests="32" failures="4" timestamp="04 Aug 2017 20:21:47 GMT" time="3813.408" errors="0">
  <testcase name="CheckBugForExceptions" time="19.622" classname="Tests.SendBugReportPageTests"/>
  <testcase name="EmptyBugTest" time="46.187" classname="Tests.SendBugReportPageTests"/>
  <testcase name="NotEmptyBugTest" time="51.829" classname="Tests.SendBugReportPageTests"/>
  <testcase name="CheckSigninPageForExceptions" time="64.276" classname="Tests.SignUpPageTests"/>
  <testcase name="DeclineAndAcceptTermsTest" time="94.622" classname="Tests.SignUpPageTests"/>
  <testcase name="CheckMobileVerPageForExceptions" time="32.467" classname="Tests.MobileVerPageTests"/>
  <testcase name="InputTests" time="138.624" classname="Tests.MobileVerPageTests"/>
  <testcase name="NavBackandBlankInputTests" time="110.226" classname="Tests.CodeVerificationPageTests"/>
  <testcase name="ValidInputTests" time="118.821" classname="Tests.CodeVerificationPageTests"/>
  <testcase name="CheckSecureLoginForExceptionsAndSendDataTests" time="221.509" classname="Tests.PINPageTests"/>
  <testcase name="ResetPINPageTest" time="242.755" classname="Tests.ResetPINPageTests"/>
  <testcase name="CheckProfilePageForExceptions" time="165.42" classname="Tests.ProfilePageTests"/>
  <testcase name="ProfPageTests" time="378.599" classname="Tests.UpdateProfPageTests"/>
  <testcase name="CheckYCPageForExceptions" time="160.273" classname="Tests.YourCardsPageTests">
    <failure type="org.openqa.selenium.NoSuchElementException" message="Can&amp;apos;t locate an element by this strategy: By.id: menuButton">
      <![CDATA[org.openqa.selenium.NoSuchElementException: Can't locate an element by this strategy: By.id: menuButton
	at io.appium.java_client.pagefactory.AppiumElementLocator.findElement(AppiumElementLocator.java:119)
	at io.appium.java_client.pagefactory.interceptors.InterceptorOfASingleElement.intercept(InterceptorOfASingleElement.java:61)
	at io.appium.java_client.android.AndroidElement$$EnhancerByCGLIB$$c0b591f0.click(<generated>)
	at Pages.LandingPage.LandingPageAndroid.navigateToYourCardsPage(LandingPageAndroid.java:220)
	at Tests.YourCardsPageTests.CheckYCPageForExceptions(YourCardsPageTests.java:64)
	at sun.reflect.NativeMethodAccessorImpl.invoke0(Native Method)
	at sun.reflect.NativeMethodAccessorImpl.invoke(NativeMethodAccessorImpl.java:62)
	at sun.reflect.DelegatingMethodAccessorImpl.invoke(DelegatingMethodAccessorImpl.java:43)
	at java.lang.reflect.Method.invoke(Method.java:497)
	at org.testng.internal.MethodInvocationHelper.invokeMethod(MethodInvocationHelper.java:104)
	at org.testng.internal.Invoker.invokeMethod(Invoker.java:645)
	at org.testng.internal.Invoker.invokeTestMethod(Invoker.java:851)
	at org.testng.internal.Invoker.invokeTestMethods(Invoker.java:1177)
	at org.testng.internal.TestMethodWorker.invokeTestMethods(TestMethodWorker.java:129)
	at org.testng.internal.TestMethodWorker.run(TestMethodWorker.java:112)
	at java.util.concurrent.ThreadPoolExecutor.runWorker(ThreadPoolExecutor.java:1142)
	at java.util.concurrent.ThreadPoolExecutor$Worker.run(ThreadPoolExecutor.java:617)
	at java.lang.Thread.run(Thread.java:745)
Caused by: org.openqa.selenium.TimeoutException: Expected condition failed: waiting for io.appium.java_client.pagefactory.AppiumElementLocator$WaitingFunction@27d65301 (tried for 35 second(s) with 500 MILLISECONDS interval)
	at org.openqa.selenium.support.ui.FluentWait.timeoutException(FluentWait.java:264)
	at org.openqa.selenium.support.ui.FluentWait.until(FluentWait.java:232)
	at io.appium.java_client.pagefactory.AppiumElementLocator.waitFor(AppiumElementLocator.java:91)
	at io.appium.java_client.pagefactory.AppiumElementLocator.findElement(AppiumElementLocator.java:112)
	... 17 more
Caused by: org.openqa.selenium.NoSuchElementException: An element could not be located on the page using the given search parameters. (WARNING: The server did not provide any stacktrace information)
Command duration or timeout: 581 milliseconds
For documentation on this error, please visit: http://seleniumhq.org/exceptions/no_such_element.html
Build info: version: '3.2.0', revision: '8c03df6b79', time: '2017-02-23 10:51:31 +0000'
System info: host: 'Jamess-MacBook-Pro-2.local', ip: 'fe80:0:0:0:aebc:32ff:fe94:89ed%en0', os.name: 'Mac OS X', os.arch: 'x86_64', os.version: '10.10.5', java.version: '1.8.0_60'
Driver info: io.appium.java_client.AppiumDriver
Capabilities [{app=/Users/jameskoch/Desktop/passportCI/ParkRight-staging.apk, appPackage=com.parkopedia.parkright, deviceScreenSize=1200x1920, networkConnectionEnabled=true, warnings={}, appWaitPackage=com.parkopedia.parkright, appWaitActivity=com.parkopedia.parkright.ParkRightApp, databaseEnabled=false, deviceName=emulator-5556, platform=LINUX, deviceUDID=emulator-5556, appActivity=com.parkopedia.parkright.ParkRightApp, desired={app=/Users/jameskoch/Desktop/passportCI/ParkRight-staging.apk, appPackage=com.parkopedia.parkright, platformName=Android, deviceName=Emulator2}, platformVersion=5.1.1, webStorageEnabled=false, locationContextEnabled=false, takesScreenshot=true, javascriptEnabled=true, deviceModel=Android SDK built for x86, platformName=Android, deviceManufacturer=unknown}]
Session ID: 2d5c8c95-ef46-4f9b-80e2-7847673e3920
*** Element info: {Using=id, value=menuButton}
	at sun.reflect.GeneratedConstructorAccessor15.newInstance(Unknown Source)
	at sun.reflect.DelegatingConstructorAccessorImpl.newInstance(DelegatingConstructorAccessorImpl.java:45)
	at java.lang.reflect.Constructor.newInstance(Constructor.java:422)
	at org.openqa.selenium.remote.ErrorHandler.createThrowable(ErrorHandler.java:216)
	at org.openqa.selenium.remote.ErrorHandler.throwIfResponseFailed(ErrorHandler.java:168)
	at org.openqa.selenium.remote.RemoteWebDriver.execute(RemoteWebDriver.java:638)
	at io.appium.java_client.DefaultGenericMobileDriver.execute(DefaultGenericMobileDriver.java:42)
	at io.appium.java_client.AppiumDriver.execute(AppiumDriver.java:1)
	at org.openqa.selenium.remote.RemoteWebDriver.findElement(RemoteWebDriver.java:371)
	at io.appium.java_client.DefaultGenericMobileDriver.findElement(DefaultGenericMobileDriver.java:62)
	at io.appium.java_client.AppiumDriver.findElement(AppiumDriver.java:1)
	at org.openqa.selenium.remote.RemoteWebDriver.findElementById(RemoteWebDriver.java:420)
	at io.appium.java_client.DefaultGenericMobileDriver.findElementById(DefaultGenericMobileDriver.java:70)
	at io.appium.java_client.AppiumDriver.findElementById(AppiumDriver.java:1)
	at org.openqa.selenium.By$ById.findElement(By.java:218)
	at org.openqa.selenium.remote.RemoteWebDriver.findElement(RemoteWebDriver.java:363)
	at io.appium.java_client.DefaultGenericMobileDriver.findElement(DefaultGenericMobileDriver.java:58)
	at io.appium.java_client.AppiumDriver.findElement(AppiumDriver.java:1)
	at io.appium.java_client.pagefactory.bys.ContentMappedBy.findElement(ContentMappedBy.java:36)
	at org.openqa.selenium.remote.RemoteWebDriver.findElement(RemoteWebDriver.java:363)
	at io.appium.java_client.DefaultGenericMobileDriver.findElement(DefaultGenericMobileDriver.java:58)
	at io.appium.java_client.AppiumDriver.findElement(AppiumDriver.java:1)
	at io.appium.java_client.pagefactory.AppiumElementLocator.lambda$0(AppiumElementLocator.java:113)
	at io.appium.java_client.pagefactory.AppiumElementLocator$WaitingFunction.apply(AppiumElementLocator.java:167)
	at io.appium.java_client.pagefactory.AppiumElementLocator$WaitingFunction.apply(AppiumElementLocator.java:1)
	at org.openqa.selenium.support.ui.FluentWait.until(FluentWait.java:209)
	... 19 more
]]>
    </failure>
  </testcase> <!-- CheckYCPageForExceptions -->
  <testcase name="PayDetailPageTests" time="253.008" classname="Tests.PayDetailsPageTests"/>
  <testcase name="CheckVehiclesPageForExceptions" time="157.938" classname="Tests.VehiclesPageTests"/>
  <testcase name="AddVehicleTest" time="203.818" classname="Tests.AddVehiclePageTests"/>
  <testcase name="PayTopParkTests" time="282.108" classname="Tests.PayToParkPageTests"/>
  <testcase name="CheckMenuOptionsForExceptions" time="26.559" classname="Tests.LandingPageTests"/>
  <testcase name="LandingPageSwipeTest" time="78.286" classname="Tests.LandingPageTests"/>
  <testcase name="checkLandingPageForExceptions" time="19.752" classname="Tests.LandingPageTests"/>
  <testcase name="CheckFindParkingForExceptions" time="26.263" classname="Tests.FindParkingPageTests"/>
  <testcase name="FindParkingNavTest" time="30.747" classname="Tests.FindParkingPageTests"/>
  <testcase name="NumericValueZoneTest" time="55.622" classname="Tests.FindParkingPageTests">
    <failure type="java.lang.AssertionError" message="expected [true] but found [false]">
      <![CDATA[java.lang.AssertionError: expected [true] but found [false]
	at org.testng.Assert.fail(Assert.java:94)
	at org.testng.Assert.failNotEquals(Assert.java:513)
	at org.testng.Assert.assertTrue(Assert.java:42)
	at org.testng.Assert.assertTrue(Assert.java:52)
	at Pages.FindParkingPage.FindParkingPageAndroid.NumericValueZoneTest(FindParkingPageAndroid.java:138)
	at Tests.FindParkingPageTests.NumericValueZoneTest(FindParkingPageTests.java:70)
	at sun.reflect.NativeMethodAccessorImpl.invoke0(Native Method)
	at sun.reflect.NativeMethodAccessorImpl.invoke(NativeMethodAccessorImpl.java:62)
	at sun.reflect.DelegatingMethodAccessorImpl.invoke(DelegatingMethodAccessorImpl.java:43)
	at java.lang.reflect.Method.invoke(Method.java:497)
	at org.testng.internal.MethodInvocationHelper.invokeMethod(MethodInvocationHelper.java:104)
	at org.testng.internal.Invoker.invokeMethod(Invoker.java:645)
	at org.testng.internal.Invoker.invokeTestMethod(Invoker.java:851)
	at org.testng.internal.Invoker.invokeTestMethods(Invoker.java:1177)
	at org.testng.internal.TestMethodWorker.invokeTestMethods(TestMethodWorker.java:129)
	at org.testng.internal.TestMethodWorker.run(TestMethodWorker.java:112)
	at java.util.concurrent.ThreadPoolExecutor.runWorker(ThreadPoolExecutor.java:1142)
	at java.util.concurrent.ThreadPoolExecutor$Worker.run(ThreadPoolExecutor.java:617)
	at java.lang.Thread.run(Thread.java:745)
]]>
    </failure>
  </testcase> <!-- NumericValueZoneTest -->
  <testcase name="ZoneTest" time="51.306" classname="Tests.FindParkingPageTests">
    <failure type="org.openqa.selenium.NoSuchElementException" message="Can&amp;apos;t locate an element by this strategy: By.id: mapSearchBarInput">
      <![CDATA[org.openqa.selenium.NoSuchElementException: Can't locate an element by this strategy: By.id: mapSearchBarInput
	at io.appium.java_client.pagefactory.AppiumElementLocator.findElement(AppiumElementLocator.java:119)
	at io.appium.java_client.pagefactory.interceptors.InterceptorOfASingleElement.intercept(InterceptorOfASingleElement.java:61)
	at io.appium.java_client.android.AndroidElement$$EnhancerByCGLIB$$c0b591f0.click(<generated>)
	at Pages.FindParkingPage.FindParkingPageAndroid.ZoneTest(FindParkingPageAndroid.java:90)
	at Tests.FindParkingPageTests.ZoneTest(FindParkingPageTests.java:55)
	at sun.reflect.NativeMethodAccessorImpl.invoke0(Native Method)
	at sun.reflect.NativeMethodAccessorImpl.invoke(NativeMethodAccessorImpl.java:62)
	at sun.reflect.DelegatingMethodAccessorImpl.invoke(DelegatingMethodAccessorImpl.java:43)
	at java.lang.reflect.Method.invoke(Method.java:497)
	at org.testng.internal.MethodInvocationHelper.invokeMethod(MethodInvocationHelper.java:104)
	at org.testng.internal.Invoker.invokeMethod(Invoker.java:645)
	at org.testng.internal.Invoker.invokeTestMethod(Invoker.java:851)
	at org.testng.internal.Invoker.invokeTestMethods(Invoker.java:1177)
	at org.testng.internal.TestMethodWorker.invokeTestMethods(TestMethodWorker.java:129)
	at org.testng.internal.TestMethodWorker.run(TestMethodWorker.java:112)
	at java.util.concurrent.ThreadPoolExecutor.runWorker(ThreadPoolExecutor.java:1142)
	at java.util.concurrent.ThreadPoolExecutor$Worker.run(ThreadPoolExecutor.java:617)
	at java.lang.Thread.run(Thread.java:745)
Caused by: org.openqa.selenium.TimeoutException: Expected condition failed: waiting for io.appium.java_client.pagefactory.AppiumElementLocator$WaitingFunction@37bd1ee6 (tried for 35 second(s) with 500 MILLISECONDS interval)
	at org.openqa.selenium.support.ui.FluentWait.timeoutException(FluentWait.java:264)
	at org.openqa.selenium.support.ui.FluentWait.until(FluentWait.java:232)
	at io.appium.java_client.pagefactory.AppiumElementLocator.waitFor(AppiumElementLocator.java:91)
	at io.appium.java_client.pagefactory.AppiumElementLocator.findElement(AppiumElementLocator.java:112)
	... 17 more
Caused by: org.openqa.selenium.NoSuchElementException: An element could not be located on the page using the given search parameters. (WARNING: The server did not provide any stacktrace information)
Command duration or timeout: 164 milliseconds
For documentation on this error, please visit: http://seleniumhq.org/exceptions/no_such_element.html
Build info: version: '3.2.0', revision: '8c03df6b79', time: '2017-02-23 10:51:31 +0000'
System info: host: 'Jamess-MacBook-Pro-2.local', ip: 'fe80:0:0:0:aebc:32ff:fe94:89ed%en0', os.name: 'Mac OS X', os.arch: 'x86_64', os.version: '10.10.5', java.version: '1.8.0_60'
Driver info: io.appium.java_client.AppiumDriver
Capabilities [{app=/Users/jameskoch/Desktop/passportCI/ParkRight-staging.apk, appPackage=com.parkopedia.parkright, deviceScreenSize=1200x1920, networkConnectionEnabled=true, warnings={}, appWaitPackage=com.parkopedia.parkright, appWaitActivity=com.parkopedia.parkright.ParkRightApp, databaseEnabled=false, deviceName=emulator-5556, platform=LINUX, deviceUDID=emulator-5556, appActivity=com.parkopedia.parkright.ParkRightApp, desired={app=/Users/jameskoch/Desktop/passportCI/ParkRight-staging.apk, appPackage=com.parkopedia.parkright, platformName=Android, deviceName=Emulator2}, platformVersion=5.1.1, webStorageEnabled=false, locationContextEnabled=false, takesScreenshot=true, javascriptEnabled=true, deviceModel=Android SDK built for x86, platformName=Android, deviceManufacturer=unknown}]
Session ID: 2d5c8c95-ef46-4f9b-80e2-7847673e3920
*** Element info: {Using=id, value=mapSearchBarInput}
	at sun.reflect.GeneratedConstructorAccessor15.newInstance(Unknown Source)
	at sun.reflect.DelegatingConstructorAccessorImpl.newInstance(DelegatingConstructorAccessorImpl.java:45)
	at java.lang.reflect.Constructor.newInstance(Constructor.java:422)
	at org.openqa.selenium.remote.ErrorHandler.createThrowable(ErrorHandler.java:216)
	at org.openqa.selenium.remote.ErrorHandler.throwIfResponseFailed(ErrorHandler.java:168)
	at org.openqa.selenium.remote.RemoteWebDriver.execute(RemoteWebDriver.java:638)
	at io.appium.java_client.DefaultGenericMobileDriver.execute(DefaultGenericMobileDriver.java:42)
	at io.appium.java_client.AppiumDriver.execute(AppiumDriver.java:1)
	at org.openqa.selenium.remote.RemoteWebDriver.findElement(RemoteWebDriver.java:371)
	at io.appium.java_client.DefaultGenericMobileDriver.findElement(DefaultGenericMobileDriver.java:62)
	at io.appium.java_client.AppiumDriver.findElement(AppiumDriver.java:1)
	at org.openqa.selenium.remote.RemoteWebDriver.findElementById(RemoteWebDriver.java:420)
	at io.appium.java_client.DefaultGenericMobileDriver.findElementById(DefaultGenericMobileDriver.java:70)
	at io.appium.java_client.AppiumDriver.findElementById(AppiumDriver.java:1)
	at org.openqa.selenium.By$ById.findElement(By.java:218)
	at org.openqa.selenium.remote.RemoteWebDriver.findElement(RemoteWebDriver.java:363)
	at io.appium.java_client.DefaultGenericMobileDriver.findElement(DefaultGenericMobileDriver.java:58)
	at io.appium.java_client.AppiumDriver.findElement(AppiumDriver.java:1)
	at io.appium.java_client.pagefactory.bys.ContentMappedBy.findElement(ContentMappedBy.java:36)
	at org.openqa.selenium.remote.RemoteWebDriver.findElement(RemoteWebDriver.java:363)
	at io.appium.java_client.DefaultGenericMobileDriver.findElement(DefaultGenericMobileDriver.java:58)
	at io.appium.java_client.AppiumDriver.findElement(AppiumDriver.java:1)
	at io.appium.java_client.pagefactory.AppiumElementLocator.lambda$0(AppiumElementLocator.java:113)
	at io.appium.java_client.pagefactory.AppiumElementLocator$WaitingFunction.apply(AppiumElementLocator.java:167)
	at io.appium.java_client.pagefactory.AppiumElementLocator$WaitingFunction.apply(AppiumElementLocator.java:1)
	at org.openqa.selenium.support.ui.FluentWait.until(FluentWait.java:209)
	... 19 more
]]>
    </failure>
  </testcase> <!-- ZoneTest -->
  <testcase name="ZoneTest2" time="25.479" classname="Tests.FindParkingPageTests"/>
  <testcase name="CloseHelpTest" time="16.996" classname="Tests.HelpPageTests"/>
  <testcase name="HelpNavTest" time="47.462" classname="Tests.HelpPageTests"/>
  <testcase name="TutorialSwipeTest" time="177.284" classname="Tests.HelpPageTests"/>
  <testcase name="FavoritesTest" time="21.073" classname="Tests.FavoritesPageTests"/>
  <testcase name="FAQNavTest" time="24.181" classname="Tests.FAQPageTests"/>
  <testcase name="DieselYoungerThan2015Test" time="307.685" classname="Tests.ActiveSessionPageTests">
    <failure type="org.openqa.selenium.NoSuchElementException" message="Can&amp;apos;t locate an element by this strategy: By.id: cardTypeImage">
      <![CDATA[org.openqa.selenium.NoSuchElementException: Can't locate an element by this strategy: By.id: cardTypeImage
	at io.appium.java_client.pagefactory.AppiumElementLocator.findElement(AppiumElementLocator.java:119)
	at io.appium.java_client.pagefactory.interceptors.InterceptorOfASingleElement.intercept(InterceptorOfASingleElement.java:61)
	at io.appium.java_client.android.AndroidElement$$EnhancerByCGLIB$$c0b591f0.click(<generated>)
	at Pages.YourCardsPage.YourCardsPageAndroid.clickTestCreditCard(YourCardsPageAndroid.java:67)
	at Tests.ActiveSessionPageTests.DieselYoungerThan2015Test(ActiveSessionPageTests.java:109)
	at sun.reflect.NativeMethodAccessorImpl.invoke0(Native Method)
	at sun.reflect.NativeMethodAccessorImpl.invoke(NativeMethodAccessorImpl.java:62)
	at sun.reflect.DelegatingMethodAccessorImpl.invoke(DelegatingMethodAccessorImpl.java:43)
	at java.lang.reflect.Method.invoke(Method.java:497)
	at org.testng.internal.MethodInvocationHelper.invokeMethod(MethodInvocationHelper.java:104)
	at org.testng.internal.Invoker.invokeMethod(Invoker.java:645)
	at org.testng.internal.Invoker.invokeTestMethod(Invoker.java:851)
	at org.testng.internal.Invoker.invokeTestMethods(Invoker.java:1177)
	at org.testng.internal.TestMethodWorker.invokeTestMethods(TestMethodWorker.java:129)
	at org.testng.internal.TestMethodWorker.run(TestMethodWorker.java:112)
	at java.util.concurrent.ThreadPoolExecutor.runWorker(ThreadPoolExecutor.java:1142)
	at java.util.concurrent.ThreadPoolExecutor$Worker.run(ThreadPoolExecutor.java:617)
	at java.lang.Thread.run(Thread.java:745)
Caused by: org.openqa.selenium.TimeoutException: Expected condition failed: waiting for io.appium.java_client.pagefactory.AppiumElementLocator$WaitingFunction@7294111b (tried for 35 second(s) with 500 MILLISECONDS interval)
	at org.openqa.selenium.support.ui.FluentWait.timeoutException(FluentWait.java:264)
	at org.openqa.selenium.support.ui.FluentWait.until(FluentWait.java:232)
	at io.appium.java_client.pagefactory.AppiumElementLocator.waitFor(AppiumElementLocator.java:91)
	at io.appium.java_client.pagefactory.AppiumElementLocator.findElement(AppiumElementLocator.java:112)
	... 17 more
Caused by: org.openqa.selenium.NoSuchElementException: An element could not be located on the page using the given search parameters. (WARNING: The server did not provide any stacktrace information)
Command duration or timeout: 8.96 seconds
For documentation on this error, please visit: http://seleniumhq.org/exceptions/no_such_element.html
Build info: version: '3.2.0', revision: '8c03df6b79', time: '2017-02-23 10:51:31 +0000'
System info: host: 'Jamess-MacBook-Pro-2.local', ip: 'fe80:0:0:0:aebc:32ff:fe94:89ed%en0', os.name: 'Mac OS X', os.arch: 'x86_64', os.version: '10.10.5', java.version: '1.8.0_60'
Driver info: io.appium.java_client.AppiumDriver
Capabilities [{app=/Users/jameskoch/Desktop/passportCI/ParkRight-staging.apk, appPackage=com.parkopedia.parkright, deviceScreenSize=1200x1920, networkConnectionEnabled=true, warnings={}, appWaitPackage=com.parkopedia.parkright, appWaitActivity=com.parkopedia.parkright.ParkRightApp, databaseEnabled=false, deviceName=emulator-5556, platform=LINUX, deviceUDID=emulator-5556, appActivity=com.parkopedia.parkright.ParkRightApp, desired={app=/Users/jameskoch/Desktop/passportCI/ParkRight-staging.apk, appPackage=com.parkopedia.parkright, platformName=Android, deviceName=Emulator2}, platformVersion=5.1.1, webStorageEnabled=false, locationContextEnabled=false, takesScreenshot=true, javascriptEnabled=true, deviceModel=Android SDK built for x86, platformName=Android, deviceManufacturer=unknown}]
Session ID: 2d5c8c95-ef46-4f9b-80e2-7847673e3920
*** Element info: {Using=id, value=cardTypeImage}
	at sun.reflect.GeneratedConstructorAccessor15.newInstance(Unknown Source)
	at sun.reflect.DelegatingConstructorAccessorImpl.newInstance(DelegatingConstructorAccessorImpl.java:45)
	at java.lang.reflect.Constructor.newInstance(Constructor.java:422)
	at org.openqa.selenium.remote.ErrorHandler.createThrowable(ErrorHandler.java:216)
	at org.openqa.selenium.remote.ErrorHandler.throwIfResponseFailed(ErrorHandler.java:168)
	at org.openqa.selenium.remote.RemoteWebDriver.execute(RemoteWebDriver.java:638)
	at io.appium.java_client.DefaultGenericMobileDriver.execute(DefaultGenericMobileDriver.java:42)
	at io.appium.java_client.AppiumDriver.execute(AppiumDriver.java:1)
	at org.openqa.selenium.remote.RemoteWebDriver.findElement(RemoteWebDriver.java:371)
	at io.appium.java_client.DefaultGenericMobileDriver.findElement(DefaultGenericMobileDriver.java:62)
	at io.appium.java_client.AppiumDriver.findElement(AppiumDriver.java:1)
	at org.openqa.selenium.remote.RemoteWebDriver.findElementById(RemoteWebDriver.java:420)
	at io.appium.java_client.DefaultGenericMobileDriver.findElementById(DefaultGenericMobileDriver.java:70)
	at io.appium.java_client.AppiumDriver.findElementById(AppiumDriver.java:1)
	at org.openqa.selenium.By$ById.findElement(By.java:218)
	at org.openqa.selenium.remote.RemoteWebDriver.findElement(RemoteWebDriver.java:363)
	at io.appium.java_client.DefaultGenericMobileDriver.findElement(DefaultGenericMobileDriver.java:58)
	at io.appium.java_client.AppiumDriver.findElement(AppiumDriver.java:1)
	at io.appium.java_client.pagefactory.bys.ContentMappedBy.findElement(ContentMappedBy.java:36)
	at org.openqa.selenium.remote.RemoteWebDriver.findElement(RemoteWebDriver.java:363)
	at io.appium.java_client.DefaultGenericMobileDriver.findElement(DefaultGenericMobileDriver.java:58)
	at io.appium.java_client.AppiumDriver.findElement(AppiumDriver.java:1)
	at io.appium.java_client.pagefactory.AppiumElementLocator.lambda$0(AppiumElementLocator.java:113)
	at io.appium.java_client.pagefactory.AppiumElementLocator$WaitingFunction.apply(AppiumElementLocator.java:167)
	at io.appium.java_client.pagefactory.AppiumElementLocator$WaitingFunction.apply(AppiumElementLocator.java:1)
	at org.openqa.selenium.support.ui.FluentWait.until(FluentWait.java:209)
	... 19 more
]]>
    </failure>
  </testcase> <!-- DieselYoungerThan2015Test -->
  <testcase name="@AfterSuite tearDownAppium" time="0.0" classname="Tests.AbstractBaseTests.TestBase">
    <ignored/>
  </testcase> <!-- @AfterSuite tearDownAppium -->
  <testcase name="@AfterSuite tearDownAppium" time="0.0" classname="Tests.AbstractBaseTests.TestBase">
    <ignored/>
  </testcase> <!-- @AfterSuite tearDownAppium -->
  <testcase name="@AfterSuite tearDownAppium" time="0.0" classname="Tests.AbstractBaseTests.TestBase">
    <ignored/>
  </testcase> <!-- @AfterSuite tearDownAppium -->
  <testcase name="@AfterSuite tearDownAppium" time="0.0" classname="Tests.AbstractBaseTests.TestBase">
    <ignored/>
  </testcase> <!-- @AfterSuite tearDownAppium -->
  <testcase name="@AfterSuite tearDownAppium" time="0.0" classname="Tests.AbstractBaseTests.TestBase">
    <ignored/>
  </testcase> <!-- @AfterSuite tearDownAppium -->
  <testcase name="@AfterSuite tearDownAppium" time="0.0" classname="Tests.AbstractBaseTests.TestBase">
    <ignored/>
  </testcase> <!-- @AfterSuite tearDownAppium -->
  <testcase name="@AfterSuite tearDownAppium" time="0.0" classname="Tests.AbstractBaseTests.TestBase">
    <ignored/>
  </testcase> <!-- @AfterSuite tearDownAppium -->
  <testcase name="@AfterSuite tearDownAppium" time="0.0" classname="Tests.AbstractBaseTests.TestBase">
    <ignored/>
  </testcase> <!-- @AfterSuite tearDownAppium -->
  <testcase name="@AfterSuite tearDownAppium" time="0.0" classname="Tests.AbstractBaseTests.TestBase">
    <ignored/>
  </testcase> <!-- @AfterSuite tearDownAppium -->
  <testcase name="@AfterSuite tearDownAppium" time="0.0" classname="Tests.AbstractBaseTests.TestBase">
    <ignored/>
  </testcase> <!-- @AfterSuite tearDownAppium -->
  <testcase name="@AfterSuite tearDownAppium" time="0.0" classname="Tests.AbstractBaseTests.TestBase">
    <ignored/>
  </testcase> <!-- @AfterSuite tearDownAppium -->
  <testcase name="@AfterSuite tearDownAppium" time="0.0" classname="Tests.AbstractBaseTests.TestBase">
    <ignored/>
  </testcase> <!-- @AfterSuite tearDownAppium -->
  <testcase name="@AfterSuite tearDownAppium" time="0.0" classname="Tests.AbstractBaseTests.TestBase">
    <ignored/>
  </testcase> <!-- @AfterSuite tearDownAppium -->
  <testcase name="@AfterSuite tearDownAppium" time="0.0" classname="Tests.AbstractBaseTests.TestBase">
    <ignored/>
  </testcase> <!-- @AfterSuite tearDownAppium -->
  <testcase name="@AfterSuite tearDownAppium" time="0.0" classname="Tests.AbstractBaseTests.TestBase">
    <ignored/>
  </testcase> <!-- @AfterSuite tearDownAppium -->
  <testcase name="@AfterSuite tearDownAppium" time="0.0" classname="Tests.AbstractBaseTests.TestBase">
    <ignored/>
  </testcase> <!-- @AfterSuite tearDownAppium -->
  <testcase name="@AfterSuite tearDownAppium" time="0.0" classname="Tests.AbstractBaseTests.TestBase">
    <ignored/>
  </testcase> <!-- @AfterSuite tearDownAppium -->
  <testcase name="@AfterSuite tearDownAppium" time="0.0" classname="Tests.AbstractBaseTests.TestBase">
    <ignored/>
  </testcase> <!-- @AfterSuite tearDownAppium -->
  <testcase name="@BeforeSuite initAppium" time="0.0" classname="Tests.AbstractBaseTests.TestBase">
    <ignored/>
  </testcase> <!-- @BeforeSuite initAppium -->
  <testcase name="@BeforeSuite initAppium" time="0.0" classname="Tests.AbstractBaseTests.TestBase">
    <ignored/>
  </testcase> <!-- @BeforeSuite initAppium -->
  <testcase name="@BeforeSuite initAppium" time="0.0" classname="Tests.AbstractBaseTests.TestBase">
    <ignored/>
  </testcase> <!-- @BeforeSuite initAppium -->
  <testcase name="@BeforeSuite initAppium" time="0.0" classname="Tests.AbstractBaseTests.TestBase">
    <ignored/>
  </testcase> <!-- @BeforeSuite initAppium -->
  <testcase name="@BeforeSuite initAppium" time="0.0" classname="Tests.AbstractBaseTests.TestBase">
    <ignored/>
  </testcase> <!-- @BeforeSuite initAppium -->
  <testcase name="@BeforeSuite initAppium" time="0.0" classname="Tests.AbstractBaseTests.TestBase">
    <ignored/>
  </testcase> <!-- @BeforeSuite initAppium -->
  <testcase name="@BeforeSuite initAppium" time="0.0" classname="Tests.AbstractBaseTests.TestBase">
    <ignored/>
  </testcase> <!-- @BeforeSuite initAppium -->
  <testcase name="@BeforeSuite initAppium" time="0.0" classname="Tests.AbstractBaseTests.TestBase">
    <ignored/>
  </testcase> <!-- @BeforeSuite initAppium -->
  <testcase name="@BeforeSuite initAppium" time="0.0" classname="Tests.AbstractBaseTests.TestBase">
    <ignored/>
  </testcase> <!-- @BeforeSuite initAppium -->
  <testcase name="@BeforeSuite initAppium" time="0.0" classname="Tests.AbstractBaseTests.TestBase">
    <ignored/>
  </testcase> <!-- @BeforeSuite initAppium -->
  <testcase name="@BeforeSuite initAppium" time="0.0" classname="Tests.AbstractBaseTests.TestBase">
    <ignored/>
  </testcase> <!-- @BeforeSuite initAppium -->
  <testcase name="@BeforeSuite initAppium" time="0.0" classname="Tests.AbstractBaseTests.TestBase">
    <ignored/>
  </testcase> <!-- @BeforeSuite initAppium -->
  <testcase name="@BeforeSuite initAppium" time="0.0" classname="Tests.AbstractBaseTests.TestBase">
    <ignored/>
  </testcase> <!-- @BeforeSuite initAppium -->
  <testcase name="@BeforeSuite initAppium" time="0.0" classname="Tests.AbstractBaseTests.TestBase">
    <ignored/>
  </testcase> <!-- @BeforeSuite initAppium -->
  <testcase name="@BeforeSuite initAppium" time="0.0" classname="Tests.AbstractBaseTests.TestBase">
    <ignored/>
  </testcase> <!-- @BeforeSuite initAppium -->
  <testcase name="@BeforeSuite initAppium" time="0.0" classname="Tests.AbstractBaseTests.TestBase">
    <ignored/>
  </testcase> <!-- @BeforeSuite initAppium -->
  <testcase name="@BeforeSuite initAppium" time="0.0" classname="Tests.AbstractBaseTests.TestBase">
    <ignored/>
  </testcase> <!-- @BeforeSuite initAppium -->
  <testcase name="@BeforeSuite initAppium" time="0.0" classname="Tests.AbstractBaseTests.TestBase">
    <ignored/>
  </testcase> <!-- @BeforeSuite initAppium -->
</testsuite> <!-- ParkRight Test Automation -->
